[0mPOST /api/v1/auths/signup [33m404[0m 84.533 ms - 272[0m
[0mPOST /api/v1/auths/signup [33m404[0m 85.568 ms - 272[0m
[0mPOST /api/v1/auths/signup [33m404[0m 66.547 ms - 272[0m
[0mPOST /api/v1/auths/signup [33m404[0m 68.475 ms - 272[0m
[0mPOST /api/v1/auths/signup [33m404[0m 75.135 ms - 272[0m
[0mPOST /api/v1/auths/signup [33m400[0m 2.201 ms - 36[0m
[0mPOST /api/v1/auths/signup [32m201[0m 467.412 ms - 504[0m
[0mPOST /api/v1/auths/signin [32m200[0m 243.104 ms - 423[0m
[0mPUT /api/v1/auths [33m404[0m 1.405 ms - 151[0m
[0mPUT /api/v1/auths/resetpassword [32m200[0m 899.507 ms - 192[0m
[0mPOST /api/v1/auths [33m404[0m 1.754 ms - 152[0m
[0mPOST /api/v1/auths/resetpassword [33m400[0m 475.565 ms - 14[0m
[0mPOST /api/v1/auths/resetpassword [33m400[0m 1386.478 ms - 14[0m
[0mPOST /api/v1/auths/resetpassword [33m400[0m 426.515 ms - 14[0m
[0mPOST /api/v1/auths/resetpassword [33m400[0m 484.782 ms - 14[0m
[0mPOST /api/v1/auths/resetpassword [33m400[0m 448.316 ms - 14[0m
[0mPOST /api/v1/auths/resetpassword [33m400[0m 459.807 ms - 14[0m
[0mPOST /api/v1/auths/resetpassword [33m400[0m 515.222 ms - 14[0m
[0mPOST /api/v1/auths/resetpassword [33m400[0m 490.014 ms - 14[0m
[0mGET /api/v1/users/user/635c0e3dd2e7fcd04b1ef4e1 [32m200[0m 477.236 ms - 176[0m
[0mPOST /api/v1/auths/signup [32m201[0m 753.252 ms - 514[0m
[0mPOST /api/v1/products/product/ [0m-[0m - ms - -[0m
[0mPOST /api/v1/products/product/ [32m201[0m 734.292 ms - 491[0m
[0mPOST /api/v1/products/product/ [32m201[0m 1650.425 ms - 446[0m
[0mPOST /api/v1/products/product/ [32m201[0m 716.524 ms - 455[0m
[0mPOST /api/v1/products/product/ [32m201[0m 720.071 ms - 455[0m
[0mPOST /api/v1/products/product/ [32m201[0m 705.573 ms - 455[0m
[0mPOST /api/v1/products/product/ [32m201[0m 748.400 ms - 455[0m
[0mPOST /api/v1/products/product/ [32m201[0m 746.206 ms - 500[0m
[0mDELETE /api/v1/products/product/?id=635c2c06999cac0ecf564b68 [32m200[0m 8470.987 ms - 459[0m
[0mDELETE /api/v1/products/product/?id=635c2c06999cac0ecf564b68 [32m200[0m 563.094 ms - 459[0m
[0mGET /api/v1/products/product/635c28d2999cac0ecf564b59 [33m404[0m 410.073 ms - 46[0m
[0mPOST /api/v1/products/product/ [32m201[0m 702.410 ms - 500[0m
[0mPOST /api/v1/products/product/ [32m201[0m 708.813 ms - 500[0m
[0mGET /api/v1/products/product/635c298e999cac0ecf564b63 [32m200[0m 394.276 ms - 466[0m
[0mDELETE /api/v1/products/product/?id=635c298e999cac0ecf564b63 [33m401[0m 193.082 ms - 47[0m
[0mDELETE /api/v1/products/product/?id=635c298e999cac0ecf564b63 [32m200[0m 560.428 ms - 507[0m
[0mGET /api/v1/products/product [32m200[0m 1214.685 ms - 842[0m
[0mPATCH /api/v1/carts/cart/add/633a09e493769ec0530023f8 [33m404[0m 354.474 ms - 76[0m
[0mPATCH /api/v1/carts/cart/add/635c298e999cac0ecf564b63 [33m404[0m 338.511 ms - 76[0m
[0mPATCH /api/v1/carts/cart/add/635c28d2999cac0ecf564b59 [32m200[0m 951.697 ms - 734[0m
[0mPOST /api/v1/auths/signup [32m201[0m 834.471 ms - 510[0m
[0mPATCH /api/v1/carts/cart/add/635c3e4cc25b3d2b4967295a [31m500[0m 751.722 ms - 196[0m
[0mPATCH /api/v1/carts/cart/add/635c3e4cc25b3d2b4967295a [31m500[0m 568.188 ms - 60[0m
[0mPATCH /api/v1/carts/cart/add/635c3e4cc25b3d2b4967295a [31m500[0m 596.065 ms - 73[0m
[0mPATCH /api/v1/carts/cart/add/635c3e4cc25b3d2b4967295a [31m500[0m 768.752 ms - 176[0m
[0mPATCH /api/v1/carts/cart/add/635c3e4cc25b3d2b4967295a [31m500[0m 562.123 ms - 176[0m
[0mPATCH /api/v1/carts/cart/add/635c3e4cc25b3d2b4967295a [31m500[0m 567.099 ms - 176[0m
[0mPATCH /api/v1/carts/cart/add/635c3e4cc25b3d2b4967295a [31m500[0m 538.921 ms - 176[0m
[0mPATCH /api/v1/carts/cart/add/635c3e4cc25b3d2b4967295a [31m500[0m 392.990 ms - 67[0m
[0mPATCH /api/v1/carts/cart/add/635c3e4cc25b3d2b4967295a [32m200[0m 774.029 ms - 715[0m
[0mGET /api/v1/products/product/635c298e999cac0ecf564b63 [32m200[0m 369.804 ms - 447[0m
[0mGET /api/v1/products/product/635c298e999cac0ecf564b63 [32m200[0m 319.304 ms - 447[0m
[0mGET /api/v1/products/product/635c298e999cac0ecf564b63 [32m200[0m 410.106 ms - 466[0m
[0mPATCH /api/v1/carts/cart/add/635c3e4cc25b3d2b4967295a [32m200[0m 946.966 ms - 734[0m
[0mPATCH /api/v1/carts/cart/add/635c3e4cc25b3d2b4967295a [32m200[0m 981.802 ms - 734[0m
[0mPATCH /api/v1/carts/cart/add/635c3e4cc25b3d2b4967295a [32m200[0m 4652.108 ms - 734[0m
[0mPATCH /api/v1/carts/cart/remove/635c3e4cc25b3d2b4967295a [32m200[0m 1012.309 ms - 760[0m
[0mPATCH /api/v1/carts/cart/remove/635c3e4cc25b3d2b4967295a [32m200[0m 894.813 ms - 760[0m
[0mPOST /api/v1/products/product/ [32m201[0m 724.853 ms - 518[0m
[0mPOST /api/v1/products/product/ [32m201[0m 688.721 ms - 485[0m
[0mPOST /api/v1/products/product/ [32m201[0m 732.001 ms - 494[0m
[0mPOST /api/v1/products/product/ [32m201[0m 748.510 ms - 494[0m
[0mPOST /api/v1/products/product/ [32m201[0m 646.335 ms - 494[0m
[0mPOST /api/v1/products/product/ [32m201[0m 672.289 ms - 494[0m
[0mPATCH /api/v1/carts/cart/add/635c3e4cc25b3d2b4967295a [32m200[0m 1105.582 ms - 1266[0m
[0mPATCH /api/v1/carts/cart/add/635c3e4cc25b3d2b4967295a [32m200[0m 888.753 ms - 1266[0m
[0mPATCH /api/v1/carts/cart/add/635c3e4cc25b3d2b4967295a [32m200[0m 920.115 ms - 1267[0m
[0mPATCH /api/v1/carts/cart/add/635c3e4cc25b3d2b4967295a [32m200[0m 905.828 ms - 1267[0m
[0mPATCH /api/v1/carts/cart/add/635c3e4cc25b3d2b4967295a [32m200[0m 878.660 ms - 1268[0m
[0mPATCH /api/v1/carts/cart/remove/635c3e4cc25b3d2b4967295a [32m200[0m 1133.706 ms - 1293[0m
[0mPATCH /api/v1/carts/cart/remove/635c3e4cc25b3d2b4967295a [32m200[0m 930.593 ms - 1293[0m
[0mPATCH /api/v1/carts/cart/remove/635c3e4cc25b3d2b4967295a [32m200[0m 1086.454 ms - 1292[0m
[0mPATCH /api/v1/carts/cart/add/635c3e4cc25b3d2b4967295a [31m500[0m 682.948 ms - 49[0m
[0mPATCH /api/v1/carts/cart/add/635c3e4cc25b3d2b4967295a [32m200[0m 919.499 ms - 1267[0m
[0mPATCH /api/v1/carts/cart/add/635c3e4cc25b3d2b4967295a [32m200[0m 866.649 ms - 1267[0m
[0mPATCH /api/v1/carts/cart/add/635c3e4cc25b3d2b4967295a [33m400[0m 685.183 ms - 61[0m
[0mPATCH /api/v1/carts/cart/remove/635c3e4cc25b3d2b4967295a [32m200[0m 903.706 ms - 1293[0m
[0mPATCH /api/v1/carts/cart/remove/635c3e4cc25b3d2b4967295a [32m200[0m 900.957 ms - 1292[0m
[0mPATCH /api/v1/carts/cart/add/635c3e4cc25b3d2b4967295a [32m200[0m 909.676 ms - 1267[0m
[0mPATCH /api/v1/carts/cart/add/635c3e4cc25b3d2b4967295a [32m200[0m 853.879 ms - 1267[0m
[0mPATCH /api/v1/carts/cart/add/635c3e4cc25b3d2b4967295a [33m400[0m 725.902 ms - 61[0m
[0mPATCH /api/v1/carts/cart/remove/635c3e4cc25b3d2b4967295a [32m200[0m 915.221 ms - 1293[0m
[0mPATCH /api/v1/carts/cart/remove/635c3e4cc25b3d2b4967295a [32m200[0m 855.931 ms - 1292[0m
[0mPATCH /api/v1/carts/cart/add/635c3e4cc25b3d2b4967295a [32m200[0m 891.759 ms - 1267[0m
[0mPATCH /api/v1/carts/cart/remove/635c3e4cc25b3d2b4967295a [32m200[0m 1759.076 ms - 1292[0m
[0mPATCH /api/v1/carts/cart/remove/635c3e4cc25b3d2b4967295a [32m200[0m 910.603 ms - 1292[0m
[0mGET /api/v1/carts/cart/635c3e4cc25b3d2b4967295a [33m401[0m 0.448 ms - 27[0m
[0mGET /api/v1/carts/cart/635c3e4cc25b3d2b4967295a [32m200[0m 1408.596 ms - 1268[0m
[0mPOST /api/v1/orders/order/create/633a09e493769ec0530023f8 [33m404[0m 1285.757 ms - 27[0m
[0mPOST /api/v1/orders/order/create/635c3e4cc25b3d2b4967295a [32m200[0m 1094.080 ms - 965[0m
[0mGET /api/v1/carts/cart/635c3e4cc25b3d2b4967295a [32m200[0m 559.517 ms - 1268[0m
[0mPOST /api/v1/orders/order/create/635c3e4cc25b3d2b4967295a [32m200[0m 1111.078 ms - 1479[0m
[0mPATCH /api/v1/orders/order/update/633a09e493769ec0530023f8 [33m401[0m 0.938 ms - 27[0m
[0mPATCH /api/v1/orders/order/update/635c3e4cc25b3d2b4967295a [32m200[0m 723.413 ms - 63[0m
[0mGET /api/v1/orders/order/635c3e4cc25b3d2b4967295a [32m200[0m 745.385 ms - 224[0m
[0mDELETE /api/v1/orders/order/635c3e4cc25b3d2b4967295a [33m400[0m 654.324 ms - 85[0m
[0mDELETE /api/v1/orders/order/635c3e4cc25b3d2b4967295a [33m400[0m 539.477 ms - 85[0m
[0mDELETE /api/v1/orders/order/635c3e4cc25b3d2b4967295a [33m400[0m 622.732 ms - 85[0m
[0mGET /api/v1/orders/allOrders [32m200[0m 1727.368 ms - 496[0m
[0mPOST /api/v1/recommendations/recommendedDrinks [33m401[0m 176.660 ms - 42[0m
[0mPOST /api/v1/recommendations/recommendedDrinks [33m401[0m 189.528 ms - 42[0m
[0mGET /api/v1/users/user/635c0e3dd2e7fcd04b1ef4e1 [32m200[0m 353.433 ms - 176[0m
[0mGET /api/v1/auths/user [33m404[0m 4.516 ms - 156[0m
[0mGET /api/v1/auths/user [33m404[0m 5.204 ms - 156[0m
[0mGET /api/v1/auths/users/user [33m404[0m 3.346 ms - 162[0m
[0mGET /api/v1/users/user [32m200[0m 371.159 ms - 461[0m
[0mDELETE /api/v1/auths/user/?id=635c0e3dd2e7fcd04b1ef4e1 [33m404[0m 3.283 ms - 160[0m
[0mDELETE /api/v1/users/user/?id=635c0e3dd2e7fcd04b1ef4e1 [32m200[0m 307.887 ms - 353[0m
[0mGET /api/v1/users/user [32m200[0m 369.975 ms - 330[0m
[0mPUT /api/v1/users/user/635c3e4cc25b3d2b4967295a%0A [33m404[0m 4.213 ms - 46[0m
[0mPUT /api/v1/auths/user/635c3e4cc25b3d2b4967295a [33m404[0m 3.346 ms - 181[0m
[0mPUT /api/v1/users/user/635c3e4cc25b3d2b4967295a [32m200[0m 545.255 ms - 216[0m
[0mPUT /api/v1/users/user/635c3e4cc25b3d2b4967295a [32m200[0m 496.189 ms - 219[0m
[0mGET /api/v1/users/user [32m200[0m 307.742 ms - 333[0m
[0mPOST /api/v1/recommendations/recommendedDrinks [33m401[0m 4.912 ms - 42[0m
[0mPOST /api/v1/recommendations/recommendedDrinks [33m401[0m 16.440 ms - 42[0m
[0mPOST /api/v1/recommendations/recommendedDrinks [32m200[0m 196.106 ms - 69[0m
[0mPOST /api/v1/recommendations/recommendedDrinks [32m200[0m 171.545 ms - 69[0m
[0mPOST /api/v1/recommendations/recommendedDrinks [32m200[0m 194.624 ms - 448[0m
[0mPOST /api/v1/auths/signup [32m201[0m 503.604 ms - 508[0m
[0mPOST /api/v1/auths/signup [32m201[0m 420.469 ms - 504[0m
[0mPOST /api/v1/auths/signup [33m404[0m 107.288 ms - 107[0m
[0mPOST /api/v1/auths/signup [32m201[0m 422.584 ms - 505[0m
[0mPOST /api/v1/auths/signup [32m201[0m 436.432 ms - 506[0m
[0mPOST /api/v1/auths/signin [32m200[0m 256.320 ms - 425[0m
[0mGET /api/v1/products/product/635c298e999cac0ecf564b63 [32m200[0m 326.686 ms - 484[0m
[0mGET /api/v1/products/product/635c298e999cac0ecf564b63 [32m200[0m 312.833 ms - 484[0m
[0mPUT /api/v1/auths/resetpassword [32m200[0m 641.856 ms - 192[0m
[0mPOST /api/v1/auths/resetpassword [33m400[0m 607.001 ms - 14[0m
[0mPOST /api/v1/auths/resetpassword [33m400[0m 589.101 ms - 14[0m
[0mPOST /api/v1/auths/resetpassword [33m400[0m 621.217 ms - 14[0m
[0mPOST /api/v1/auths/signin [33m401[0m 444.365 ms - 55[0m
[0mPOST /api/v1/auths/signin [32m200[0m 365.288 ms - 425[0m
[0mPOST /api/v1/auths/logout/635d1749d14f6d49f6da580a%20 [32m200[0m 171.253 ms - 44[0m
[0mGET /api/v1/products/product/635c298e999cac0ecf564b63 [32m200[0m 1649.247 ms - 484[0m
[0mGET /api/v1/products/product/635c298e999cac0ecf564b63 [32m200[0m 475.871 ms - 484[0m
[0mPOST /api/v1/auths/signin [32m200[0m 432.106 ms - 425[0m
[0mGET /api/v1/products/product/635c298e999cac0ecf564b63 [32m200[0m 357.605 ms - 484[0m
[0mPOST /api/v1/auths/logout/635d1749d14f6d49f6da580a%20 [32m200[0m 190.635 ms - 44[0m
[0mGET /api/v1/products/product/635c298e999cac0ecf564b63 [32m200[0m 353.681 ms - 484[0m
[0mGET /api/v1/products/product/635c298e999cac0ecf564b63 [32m200[0m 376.651 ms - 484[0m
[0mPOST /api/v1/auths/logout/635d1749d14f6d49f6da580a%20 [33m401[0m 1.478 ms - 27[0m
[0mGET /api/v1/products/product/635c298e999cac0ecf564b63 [32m200[0m 356.256 ms - 484[0m
[0mPATCH /api/v1/carts/cart/add/635d1749d14f6d49f6da580a [32m200[0m 1187.880 ms - 728[0m
[0mPOST /api/v1/products/product/ [32m201[0m 711.257 ms - 433[0m
[0mPOST /api/v1/products/product/ [32m201[0m 755.866 ms - 442[0m
[0mPOST /api/v1/products/product/ [32m201[0m 876.810 ms - 442[0m
[0mPOST /api/v1/products/product/ [32m201[0m 1007.433 ms - 442[0m
[0mPOST /api/v1/products/product/ [33m404[0m 229.717 ms - 127[0m
[0mPOST /api/v1/products/product/ [0m-[0m - ms - -[0m
[0mPOST /api/v1/products/product/ [32m201[0m 730.330 ms - 442[0m
[0mPOST /api/v1/products/product/ [32m201[0m 711.991 ms - 442[0m
[0mPOST /api/v1/products/product/ [32m201[0m 847.103 ms - 442[0m
[0mPOST /api/v1/products/product/ [32m201[0m 698.332 ms - 442[0m
[0mPOST /api/v1/products/product/ [32m201[0m 674.079 ms - 442[0m
[0mPOST /api/v1/products/product/ [33m404[0m 230.514 ms - 127[0m
[0mPOST /api/v1/products/product/ [33m404[0m 270.809 ms - 127[0m
[0mPOST /api/v1/products/product/ [33m400[0m 346.991 ms - 63[0m
[0mPOST /api/v1/products/product/ [33m400[0m 321.036 ms - 63[0m
[0mPOST /api/v1/products/product/ [33m400[0m 314.351 ms - 63[0m
[0mPOST /api/v1/products/product [33m400[0m 329.938 ms - 63[0m
[0mPOST /api/v1/products/product [33m404[0m 2132.757 ms - 127[0m
[0mPOST /api/v1/products/product [33m404[0m 406.809 ms - 127[0m
[0mPOST /api/v1/products/product [32m201[0m 810.560 ms - 442[0m
[0mPOST /api/v1/products/product [33m400[0m 451.488 ms - 63[0m
[0mPOST /api/v1/products/product [32m201[0m 691.366 ms - 442[0m
[0mPOST /api/v1/products/product [32m201[0m 5202.787 ms - 442[0m
[0mPOST /api/v1/products/product [32m201[0m 661.955 ms - 442[0m
[0mDELETE /api/v1/products/product/?id=635d1fbe617bcad1110aa7d8 [33m400[0m 396.098 ms - 127[0m
[0mDELETE /api/v1/products/product/?id=635d1fbe617bcad1110aa7d8 [33m400[0m 412.212 ms - 63[0m
[0mDELETE /api/v1/products/product/?id=635d1fbe617bcad1110aa7d8 [32m200[0m 790.036 ms - 443[0m
[0mDELETE /api/v1/products/product/?id=635d1fbe617bcad1110aa7d8 [32m200[0m 671.617 ms - 443[0m
[0mPATCH /api/v1/carts/cart/add/635d1749d14f6d49f6da580a [32m200[0m 1250.335 ms - 728[0m
[0mPATCH /api/v1/carts/cart/add/635d1749d14f6d49f6da580a [32m200[0m 839.767 ms - 728[0m
[0mPATCH /api/v1/carts/cart/add/635d1749d14f6d49f6da580a [32m200[0m 919.091 ms - 728[0m
[0mPATCH /api/v1/carts/cart/add/635d1749d14f6d49f6da580a [33m400[0m 647.602 ms - 61[0m
[0mPATCH /api/v1/carts/cart/remove/635c3e4cc25b3d2b4967295a [32m200[0m 866.401 ms - 754[0m
[0mPATCH /api/v1/carts/cart/remove/635c3e4cc25b3d2b4967295a [32m200[0m 814.923 ms - 754[0m
[0mPATCH /api/v1/carts/cart/add/635d1749d14f6d49f6da580a [32m200[0m 804.331 ms - 728[0m
[0mGET /api/v1/products/product [32m200[0m 449.448 ms - 1628[0m
[0mDELETE /api/v1/products/product/?id=635c298e999cac0ecf564b63 [32m200[0m 485.672 ms - 498[0m
[0mDELETE /api/v1/products/product/?id=635c298e999cac0ecf564b63 [33m400[0m 522.232 ms - 127[0m
[0mDELETE /api/v1/products/product/?id=635c298e999cac0ecf564b63 [33m400[0m 894.568 ms - 127[0m
[0mGET /api/v1/products/product [32m200[0m 544.287 ms - 823[0m
[0mDELETE /api/v1/products/product/?id=635d1fbe617bcad1110aa7d8 [32m200[0m 756.058 ms - 443[0m
[0mGET /api/v1/products/product/635c298e999cac0ecf564b63 [33m404[0m 563.736 ms - 46[0m
[0mGET /api/v1/products/product/635d1fbe617bcad1110aa7d8 [33m401[0m 3.086 ms - 27[0m
[0mGET /api/v1/products/product/635d1fbe617bcad1110aa7d8 [32m200[0m 452.233 ms - 408[0m
[0mPATCH /api/v1/carts/cart/add/635d1749d14f6d49f6da580a [32m200[0m 2141.655 ms - 1189[0m
[0mPATCH /api/v1/carts/cart/add/635d1749d14f6d49f6da580a [32m200[0m 1207.243 ms - 1189[0m
[0mPATCH /api/v1/carts/cart/add/635d1749d14f6d49f6da580a [32m200[0m 1850.485 ms - 1189[0m
[0mPATCH /api/v1/carts/cart/add/635d1749d14f6d49f6da580a [32m200[0m 1691.902 ms - 1189[0m
[0mPATCH /api/v1/carts/cart/add/635d1749d14f6d49f6da580a [32m200[0m 1695.466 ms - 1189[0m
[0mPATCH /api/v1/carts/cart/add/635d1749d14f6d49f6da580a [32m200[0m 1809.544 ms - 1189[0m
[0mPATCH /api/v1/carts/cart/add/635d1749d14f6d49f6da580a [32m200[0m 1836.964 ms - 1191[0m
[0mPATCH /api/v1/carts/cart/add/635d1749d14f6d49f6da580a [32m200[0m 1655.152 ms - 1191[0m
[0mGET /api/v1/products/product/635d1fbe617bcad1110aa7d8 [32m200[0m 742.812 ms - 408[0m
[0mGET /api/v1/products/product/635d1fbe617bcad1110aa7d8 [32m200[0m 567.041 ms - 408[0m
[0mPATCH /api/v1/carts/cart/add/635d1749d14f6d49f6da580a [32m200[0m 1472.104 ms - 1191[0m
[0mPATCH /api/v1/carts/cart/add/635d1749d14f6d49f6da580a [32m200[0m 1130.778 ms - 1192[0m
[0mGET /api/v1/products/product/635d1fbe617bcad1110aa7d8 [32m200[0m 416.055 ms - 408[0m
[0mPATCH /api/v1/carts/cart/add/635d1637d14f6d49f6da5801 [32m200[0m 1005.836 ms - 674[0m
[0mGET /api/v1/products/product/635d1fbe617bcad1110aa7d8 [32m200[0m 383.641 ms - 408[0m
[0mPATCH /api/v1/carts/cart/add/635d1637d14f6d49f6da5801 [32m200[0m 930.581 ms - 674[0m
[0mGET /api/v1/products/product/635d1fbe617bcad1110aa7d8 [32m200[0m 715.848 ms - 408[0m
[0mPATCH /api/v1/carts/cart/add/635d1637d14f6d49f6da5801 [32m200[0m 1104.476 ms - 674[0m
[0mPATCH /api/v1/carts/cart/add/635d1637d14f6d49f6da5801 [32m200[0m 1186.405 ms - 674[0m
[0mPATCH /api/v1/carts/cart/add/635d1637d14f6d49f6da5801 [32m200[0m 1161.381 ms - 674[0m
[0mGET /api/v1/products/product/635d1fbe617bcad1110aa7d8 [32m200[0m 340.986 ms - 408[0m
[0mGET /api/v1/products/product/635d1fbe617bcad1110aa7d8 [32m200[0m 361.256 ms - 408[0m
[0mPATCH /api/v1/carts/cart/add/635d1637d14f6d49f6da5801 [32m200[0m 1048.133 ms - 674[0m
[0mGET /api/v1/products/product/635d1fbe617bcad1110aa7d8 [32m200[0m 322.684 ms - 408[0m
[0mGET /api/v1/products/product/635d1fbe617bcad1110aa7d8 [32m200[0m 313.954 ms - 408[0m
[0mGET /api/v1/products/product/635d1fbe617bcad1110aa7d8 [32m200[0m 328.933 ms - 408[0m
[0mPATCH /api/v1/carts/cart/add/635d1637d14f6d49f6da5801 [32m200[0m 1059.881 ms - 676[0m
[0mPATCH /api/v1/carts/cart/add/635d1637d14f6d49f6da5801 [32m200[0m 909.831 ms - 676[0m
[0mPATCH /api/v1/carts/cart/add/635d1637d14f6d49f6da5801 [32m200[0m 888.159 ms - 676[0m
[0mPATCH /api/v1/carts/cart/add/635d1637d14f6d49f6da5801 [32m200[0m 920.297 ms - 678[0m
[0mGET /api/v1/products/product/635d1fbe617bcad1110aa7d8 [32m200[0m 310.486 ms - 408[0m
[0mPATCH /api/v1/carts/cart/add/635d1637d14f6d49f6da5801 [32m200[0m 891.156 ms - 678[0m
[0mGET /api/v1/products/product/635d1fbe617bcad1110aa7d8 [32m200[0m 306.357 ms - 408[0m
[0mPATCH /api/v1/carts/cart/add/635d1637d14f6d49f6da5801 [32m200[0m 905.655 ms - 678[0m
[0mGET /api/v1/products/product/635d1fbe617bcad1110aa7d8 [32m200[0m 292.187 ms - 408[0m
[0mPATCH /api/v1/carts/cart/add/635d1637d14f6d49f6da5801 [33m400[0m 965.207 ms - 61[0m
[0mPATCH /api/v1/carts/cart/add/635d1637d14f6d49f6da5801 [33m400[0m 683.747 ms - 50[0m
[0mPOST /api/v1/products/product [32m201[0m 666.003 ms - 442[0m
[0mPOST /api/v1/products/product [32m201[0m 673.715 ms - 442[0m
[0mPOST /api/v1/products/product [32m201[0m 634.220 ms - 442[0m
[0mPOST /api/v1/products/product [32m201[0m 662.917 ms - 442[0m
[0mPATCH /api/v1/carts/cart/add/635d1637d14f6d49f6da5801 [32m200[0m 1003.092 ms - 678[0m
[0mPATCH /api/v1/carts/cart/add/635d1637d14f6d49f6da5801 [32m200[0m 970.728 ms - 678[0m
[0mPATCH /api/v1/carts/cart/add/635d1637d14f6d49f6da5801 [33m400[0m 629.234 ms - 50[0m
[0mPATCH /api/v1/carts/cart/add/635d1637d14f6d49f6da5801 [32m200[0m 1048.094 ms - 678[0m
[0mGET /api/v1/products/product/635d1fbe617bcad1110aa7d8 [32m200[0m 338.913 ms - 408[0m
[0mPOST /api/v1/products/product [32m201[0m 650.222 ms - 446[0m
[0mPATCH /api/v1/carts/cart/add/635d1637d14f6d49f6da5801 [32m200[0m 1907.834 ms - 1156[0m
[0mPOST /api/v1/products/product [32m201[0m 675.957 ms - 446[0m
[0mPATCH /api/v1/carts/cart/add/635d1637d14f6d49f6da5801 [33m404[0m 297.723 ms - 76[0m
[0mPOST /api/v1/products/product [32m201[0m 602.245 ms - 455[0m
[0mPATCH /api/v1/carts/cart/add/635d1637d14f6d49f6da5801 [33m404[0m 322.309 ms - 76[0m
[0mPATCH /api/v1/carts/cart/add/635d1637d14f6d49f6da5801 [32m200[0m 1105.013 ms - 1278[0m
[0mPOST /api/v1/products/product [32m201[0m 674.271 ms - 446[0m
[0mPATCH /api/v1/carts/cart/add/635d1637d14f6d49f6da5801 [32m200[0m 1193.753 ms - 1399[0m
[0mPOST /api/v1/products/product [32m201[0m 695.426 ms - 446[0m
[0mPATCH /api/v1/carts/cart/add/635d1637d14f6d49f6da5801 [31m500[0m 780.936 ms - 53[0m
[0mPOST /api/v1/products/product [32m201[0m 695.978 ms - 446[0m
[0mPATCH /api/v1/carts/cart/add/635d1637d14f6d49f6da5801 [32m200[0m 1126.771 ms - 1520[0m
[0mPATCH /api/v1/carts/cart/add/635d1637d14f6d49f6da5801 [32m200[0m 3441.396 ms - 1523[0m
[0mGET /api/v1/carts/cart/635d1637d14f6d49f6da5801 [32m200[0m 498.202 ms - 1194[0m
[0mGET /api/v1/carts/cart/635d1749d14f6d49f6da580a [32m200[0m 511.050 ms - 1194[0m
[0mPATCH /api/v1/carts/cart/add/635d1749d14f6d49f6da580a [32m200[0m 946.296 ms - 1523[0m
[0mPOST /api/v1/products/product [32m201[0m 684.884 ms - 455[0m
[0mPOST /api/v1/products/product [32m201[0m 625.539 ms - 455[0m
[0mPOST /api/v1/products/product [32m201[0m 669.199 ms - 455[0m
[0mPATCH /api/v1/carts/cart/add/635d1749d14f6d49f6da580a [32m200[0m 1005.030 ms - 689[0m
[0mGET /api/v1/products/product/635d8a19af0207ef0096fd09 [32m200[0m 310.941 ms - 421[0m
[0mPATCH /api/v1/carts/cart/remove/635d1749d14f6d49f6da580a [33m409[0m 1260.088 ms - 51[0m
[0mGET /api/v1/products/product/635d8a19af0207ef0096fd09 [32m200[0m 381.684 ms - 421[0m
[0mGET /api/v1/products/product/635d8a19af0207ef0096fd09 [32m200[0m 352.478 ms - 421[0m
[0mPATCH /api/v1/carts/cart/add/635d1749d14f6d49f6da580a [32m200[0m 1102.722 ms - 689[0m
[0mPATCH /api/v1/carts/cart/remove/635d1749d14f6d49f6da580a [33m409[0m 486.848 ms - 54[0m
[0mGET /api/v1/products/product/635d8a19af0207ef0096fd09 [32m200[0m 305.106 ms - 421[0m
[0mPATCH /api/v1/carts/cart/add/635d1749d14f6d49f6da580a [32m200[0m 955.515 ms - 689[0m
[0mPATCH /api/v1/carts/cart/add/635d1749d14f6d49f6da580a [32m200[0m 944.778 ms - 689[0m
[0mGET /api/v1/products/product/635d8a19af0207ef0096fd09 [32m200[0m 310.691 ms - 421[0m
[0mPATCH /api/v1/carts/cart/remove/635d1749d14f6d49f6da580a [33m409[0m 632.053 ms - 54[0m
[0mPOST /api/v1/orders/order/create/635d1749d14f6d49f6da580a [32m200[0m 1042.198 ms - 902[0m
[0mGET /api/v1/users/user/635d1749d14f6d49f6da580a [32m200[0m 311.678 ms - 178[0m
[0mGET /api/v1/users/user [32m200[0m 302.133 ms - 864[0m
[0mPUT /api/v1/users/user/635c3e4cc25b3d2b4967295a [32m200[0m 460.752 ms - 219[0m
[0mPATCH /api/v1/carts/cart/add/635d1749d14f6d49f6da580a [31m500[0m 1142.205 ms - 80[0m
[0mPATCH /api/v1/carts/cart/add/635d1749d14f6d49f6da580a [32m200[0m 1733.305 ms - 689[0m
[0mGET /api/v1/products/product/635d8a19af0207ef0096fd09 [32m200[0m 452.433 ms - 421[0m
[0mGET /api/v1/products/product/635d8a19af0207ef0096fd09 [32m200[0m 418.055 ms - 421[0m
[0mPATCH /api/v1/carts/cart/add/635d1749d14f6d49f6da580a [32m200[0m 1383.021 ms - 689[0m
[0mPATCH /api/v1/carts/cart/add/635d1749d14f6d49f6da580a [32m200[0m 1507.800 ms - 689[0m
[0mPATCH /api/v1/carts/cart/add/635d1749d14f6d49f6da580a [32m200[0m 1105.682 ms - 689[0m
[0mGET /api/v1/products/product/635d8a19af0207ef0096fd09 [32m200[0m 344.266 ms - 421[0m
[0mGET /api/v1/products/product/635d8a19af0207ef0096fd09 [32m200[0m 481.690 ms - 421[0m
[0mPATCH /api/v1/carts/cart/add/635d1749d14f6d49f6da580a [32m200[0m 1393.912 ms - 691[0m
[0mGET /api/v1/products/product/635d8a19af0207ef0096fd09 [32m200[0m 549.788 ms - 421[0m
[0mPATCH /api/v1/carts/cart/add/635d1749d14f6d49f6da580a [32m200[0m 1692.530 ms - 691[0m
[0mGET /api/v1/products/product/635d8a19af0207ef0096fd09 [32m200[0m 305.934 ms - 421[0m
[0mGET /api/v1/products/product/635d8a19af0207ef0096fd09 [32m200[0m 1726.754 ms - 421[0m
[0mPATCH /api/v1/carts/cart/add/635d15d2d14f6d49f6da57fd [32m200[0m 1353.492 ms - 689[0m
[0mGET /api/v1/products/product/635d8a19af0207ef0096fd09 [32m200[0m 2301.213 ms - 421[0m
[0mPATCH /api/v1/carts/cart/add/635d15d2d14f6d49f6da57fd [32m200[0m 1531.510 ms - 689[0m
[0mGET /api/v1/products/product/635d8a19af0207ef0096fd09 [32m200[0m 336.256 ms - 421[0m
[0mPATCH /api/v1/carts/cart/remove/635d15d2d14f6d49f6da57fd [32m200[0m 1421.582 ms - 715[0m
[0mGET /api/v1/products/product/635d8a19af0207ef0096fd09 [32m200[0m 533.421 ms - 421[0m
[0mPATCH /api/v1/carts/cart/add/635d15d2d14f6d49f6da57fd [32m200[0m 1826.555 ms - 689[0m
[0mPATCH /api/v1/carts/cart/add/635d15d2d14f6d49f6da57fd [32m200[0m 1140.344 ms - 689[0m
[0mPATCH /api/v1/carts/cart/add/635d15d2d14f6d49f6da57fd [32m200[0m 1716.129 ms - 689[0m
[0mGET /api/v1/products/product/635d8a19af0207ef0096fd09 [32m200[0m 503.051 ms - 421[0m
[0mPATCH /api/v1/carts/cart/remove/635d15d2d14f6d49f6da57fd [32m200[0m 1472.797 ms - 715[0m
[0mPATCH /api/v1/carts/cart/add/635d15d2d14f6d49f6da57fd [32m200[0m 1532.950 ms - 689[0m
[0mPATCH /api/v1/carts/cart/remove/635d15d2d14f6d49f6da57fd [32m200[0m 1398.437 ms - 715[0m
[0mPATCH /api/v1/carts/cart/remove/635d15d2d14f6d49f6da57fd [32m200[0m 1754.906 ms - 715[0m
[0mGET /api/v1/products/product/635d8a19af0207ef0096fd09 [32m200[0m 615.700 ms - 421[0m
[0mPATCH /api/v1/carts/cart/add/635d15d2d14f6d49f6da57fd [32m200[0m 1446.927 ms - 689[0m
[0mPATCH /api/v1/carts/cart/remove/635d15d2d14f6d49f6da57fd [32m200[0m 1950.278 ms - 715[0m
[0mPATCH /api/v1/carts/cart/remove/635d15d2d14f6d49f6da57fd [32m200[0m 1148.098 ms - 715[0m
[0mPATCH /api/v1/carts/cart/add/635d15d2d14f6d49f6da57fd [32m200[0m 1057.460 ms - 689[0m
[0mPATCH /api/v1/carts/cart/add/635d15d2d14f6d49f6da57fd [32m200[0m 1098.683 ms - 689[0m
[0mPATCH /api/v1/carts/cart/add/635d15d2d14f6d49f6da57fd [32m200[0m 1216.479 ms - 689[0m
[0mPATCH /api/v1/carts/cart/remove/635d15d2d14f6d49f6da57fd [32m200[0m 1000.016 ms - 715[0m
[0mGET /api/v1/products/product/635d8a19af0207ef0096fd09 [32m200[0m 403.664 ms - 421[0m
[0mPATCH /api/v1/carts/cart/add/635d15d2d14f6d49f6da57fd [32m200[0m 1087.934 ms - 689[0m
[0mGET /api/v1/products/product/635d8a19af0207ef0096fd09 [32m200[0m 352.682 ms - 421[0m
[0mPATCH /api/v1/carts/cart/add/635d15d2d14f6d49f6da57fd [32m200[0m 1172.340 ms - 691[0m
[0mGET /api/v1/products/product/635d8a19af0207ef0096fd09 [32m200[0m 415.883 ms - 421[0m
[0mPATCH /api/v1/carts/cart/remove/635d15d2d14f6d49f6da57fd [32m200[0m 1118.763 ms - 715[0m
[0mPATCH /api/v1/carts/cart/remove/635d15d2d14f6d49f6da57fd [32m200[0m 1096.961 ms - 715[0m
[0mGET /api/v1/products/product/635d8a19af0207ef0096fd09 [32m200[0m 419.160 ms - 421[0m
[0mGET /api/v1/products/product/635d8a19af0207ef0096fd09 [32m200[0m 352.429 ms - 421[0m
[0mPATCH /api/v1/carts/cart/add/635d15d2d14f6d49f6da57fd [32m200[0m 1033.581 ms - 689[0m
[0mPATCH /api/v1/carts/cart/add/635d15d2d14f6d49f6da57fd [32m200[0m 1140.717 ms - 691[0m
[0mGET /api/v1/products/product/635d8a19af0207ef0096fd09 [32m200[0m 344.315 ms - 421[0m
[0mPATCH /api/v1/carts/cart/remove/635d15d2d14f6d49f6da57fd [32m200[0m 1168.303 ms - 715[0m
[0mGET /api/v1/products/product/635d8a19af0207ef0096fd09 [32m200[0m 329.752 ms - 421[0m
[0mPATCH /api/v1/carts/cart/add/635d15d2d14f6d49f6da57fd [32m200[0m 1182.223 ms - 691[0m
[0mPATCH /api/v1/carts/cart/add/635d15d2d14f6d49f6da57fd [32m200[0m 1230.396 ms - 691[0m
[0mPATCH /api/v1/carts/cart/remove/635d15d2d14f6d49f6da57fd [32m200[0m 1145.033 ms - 717[0m
[0mGET /api/v1/products/product/635d8a19af0207ef0096fd09 [32m200[0m 336.759 ms - 421[0m
[0mGET /api/v1/products/product/635d8a19af0207ef0096fd09 [32m200[0m 362.184 ms - 421[0m
[0mPATCH /api/v1/carts/cart/remove/635d15d2d14f6d49f6da57fd [32m200[0m 1187.077 ms - 715[0m
[0mGET /api/v1/products/product/635d8a19af0207ef0096fd09 [32m200[0m 312.278 ms - 421[0m
[0mPATCH /api/v1/carts/cart/add/635d15d2d14f6d49f6da57fd [32m200[0m 1072.622 ms - 691[0m
[0mPATCH /api/v1/carts/cart/add/635d15d2d14f6d49f6da57fd [32m200[0m 1078.916 ms - 691[0m
[0mGET /api/v1/products/product/635d8a19af0207ef0096fd09 [32m200[0m 344.733 ms - 421[0m
[0mPATCH /api/v1/carts/cart/remove/635d15d2d14f6d49f6da57fd [32m200[0m 932.905 ms - 717[0m
[0mGET /api/v1/products/product/635d8a19af0207ef0096fd09 [32m200[0m 387.488 ms - 421[0m
[0mPATCH /api/v1/carts/cart/remove/635d15d2d14f6d49f6da57fd [32m200[0m 900.278 ms - 715[0m
[0mGET /api/v1/products/product/635d8a19af0207ef0096fd09 [32m200[0m 400.899 ms - 421[0m
[0mPATCH /api/v1/carts/cart/add/635d15d2d14f6d49f6da57fd [32m200[0m 1214.916 ms - 691[0m
[0mPATCH /api/v1/carts/cart/remove/635d15d2d14f6d49f6da57fd [32m200[0m 861.202 ms - 715[0m
[0mPATCH /api/v1/carts/cart/add/635d15d2d14f6d49f6da57fd [32m200[0m 1040.627 ms - 691[0m
[0mPATCH /api/v1/carts/cart/add/635d15d2d14f6d49f6da57fd [32m200[0m 1067.228 ms - 691[0m
[0mPATCH /api/v1/carts/cart/add/635d15d2d14f6d49f6da57fd [32m200[0m 1142.672 ms - 691[0m
[0mGET /api/v1/products/product/635d8a19af0207ef0096fd09 [32m200[0m 374.304 ms - 421[0m
[0mPATCH /api/v1/carts/cart/remove/635d15d2d14f6d49f6da57fd [32m200[0m 1561.036 ms - 717[0m
[0mGET /api/v1/products/product/635d8a19af0207ef0096fd09 [32m200[0m 345.600 ms - 421[0m
[0mPATCH /api/v1/carts/cart/add/635d15d2d14f6d49f6da57fd [32m200[0m 1241.890 ms - 691[0m
[0mPATCH /api/v1/carts/cart/add/635d15d2d14f6d49f6da57fd [32m200[0m 1040.543 ms - 691[0m
[0mPATCH /api/v1/carts/cart/add/635d15d2d14f6d49f6da57fd [32m200[0m 1066.366 ms - 691[0m
[0mPATCH /api/v1/carts/cart/remove/635d15d2d14f6d49f6da57fd [31m500[0m 657.636 ms - 60[0m
[0mPATCH /api/v1/carts/cart/add/635d15d2d14f6d49f6da57fd [32m200[0m 1137.831 ms - 693[0m
[0mPATCH /api/v1/carts/cart/add/635d15d2d14f6d49f6da57fd [32m200[0m 1016.821 ms - 693[0m
[0mPATCH /api/v1/carts/cart/remove/635d15d2d14f6d49f6da57fd [32m200[0m 1030.381 ms - 719[0m
[0mGET /api/v1/products/product/635d8a19af0207ef0096fd09 [32m200[0m 338.563 ms - 421[0m
[0mPATCH /api/v1/carts/cart/remove/635d15d2d14f6d49f6da57fd [32m200[0m 962.021 ms - 717[0m
[0mPATCH /api/v1/carts/cart/remove/635d15d2d14f6d49f6da57fd [32m200[0m 1043.462 ms - 717[0m
[0mGET /api/v1/products/product/635d8a19af0207ef0096fd09 [32m200[0m 321.426 ms - 421[0m
[0mGET /api/v1/products/product/635d8a19af0207ef0096fd09 [32m200[0m 348.159 ms - 421[0m
[0mDELETE /api/v1/products/product/?id=635d8a19af0207ef0096fd09 [32m200[0m 639.390 ms - 459[0m
[0mDELETE /api/v1/products/product/?id=635d8a19af0207ef0096fd09 [32m200[0m 617.354 ms - 459[0m
[0mDELETE /api/v1/products/product/?id=635d8a19af0207ef0096fd09 [32m200[0m 620.671 ms - 459[0m
[0mDELETE /api/v1/products/product/?id=635d8a19af0207ef0096fd09 [32m200[0m 670.236 ms - 459[0m
[0mPATCH /api/v1/carts/cart/remove/635d15d2d14f6d49f6da57fd [32m200[0m 995.386 ms - 717[0m
[0mGET /api/v1/products/product/635d8a19af0207ef0096fd09 [32m200[0m 359.973 ms - 421[0m
[0mGET /api/v1/products/product/635d8a19af0207ef0096fd09 [32m200[0m 1144.466 ms - 421[0m
[0mPATCH /api/v1/carts/cart/remove/635d15d2d14f6d49f6da57fd [32m200[0m 962.272 ms - 717[0m
[0mGET /api/v1/products/product/635d8a19af0207ef0096fd09 [32m200[0m 285.976 ms - 421[0m
[0mPATCH /api/v1/carts/cart/remove/635d15d2d14f6d49f6da57fd [32m200[0m 979.627 ms - 717[0m
[0mPATCH /api/v1/carts/cart/remove/635d15d2d14f6d49f6da57fd [32m200[0m 1083.504 ms - 715[0m
[0mPATCH /api/v1/carts/cart/remove/635d15d2d14f6d49f6da57fd [32m200[0m 1068.303 ms - 715[0m
[0mPATCH /api/v1/carts/cart/remove/635d15d2d14f6d49f6da57fd [32m200[0m 997.567 ms - 715[0m
[0mGET /api/v1/products/product/635d8a19af0207ef0096fd09 [32m200[0m 421.564 ms - 421[0m
[0mPATCH /api/v1/carts/cart/add/635d15d2d14f6d49f6da57fd [32m200[0m 1301.864 ms - 1150[0m
[0mGET /api/v1/products/product/635d1fbe617bcad1110aa7d8 [32m200[0m 359.676 ms - 408[0m
[0mPATCH /api/v1/carts/cart/add/635d15d2d14f6d49f6da57fd [32m200[0m 1110.729 ms - 1150[0m
[0mPATCH /api/v1/carts/cart/add/635d15d2d14f6d49f6da57fd [32m200[0m 1034.837 ms - 1149[0m
[0mGET /api/v1/carts/cart/635d15d2d14f6d49f6da57fd [32m200[0m 522.425 ms - 1151[0m
[0mGET /api/v1/products/product/635d1fbe617bcad1110aa7d8 [32m200[0m 317.079 ms - 407[0m
[0mPATCH /api/v1/carts/cart/remove/635d15d2d14f6d49f6da57fd [32m200[0m 947.876 ms - 1175[0m
[0mPATCH /api/v1/carts/cart/remove/635d15d2d14f6d49f6da57fd [32m200[0m 1764.923 ms - 1175[0m
[0mPATCH /api/v1/carts/cart/add/635d15d2d14f6d49f6da57fd [32m200[0m 933.389 ms - 1149[0m
[0mPATCH /api/v1/carts/cart/remove/635d15d2d14f6d49f6da57fd [32m200[0m 1075.305 ms - 1175[0m
[0mGET /api/v1/products/product/635d1fbe617bcad1110aa7d8 [32m200[0m 297.701 ms - 408[0m
[0mPATCH /api/v1/carts/cart/add/635d15d2d14f6d49f6da57fd [32m200[0m 893.440 ms - 1149[0m
[0mPATCH /api/v1/carts/cart/add/635d15d2d14f6d49f6da57fd [32m200[0m 1050.371 ms - 1149[0m
[0mPATCH /api/v1/carts/cart/add/635d15d2d14f6d49f6da57fd [32m200[0m 1008.192 ms - 1149[0m
[0mPATCH /api/v1/carts/cart/add/635d15d2d14f6d49f6da57fd [32m200[0m 1090.701 ms - 1149[0m
[0mPATCH /api/v1/carts/cart/add/635d15d2d14f6d49f6da57fd [32m200[0m 1010.433 ms - 1150[0m
[0mPATCH /api/v1/carts/cart/add/635d15d2d14f6d49f6da57fd [32m200[0m 1071.232 ms - 1150[0m
[0mPATCH /api/v1/carts/cart/add/635d15d2d14f6d49f6da57fd [32m200[0m 1037.833 ms - 1151[0m
[0mPATCH /api/v1/carts/cart/add/635d15d2d14f6d49f6da57fd [32m200[0m 1037.300 ms - 1152[0m
[0mPATCH /api/v1/carts/cart/add/635d15d2d14f6d49f6da57fd [32m200[0m 964.301 ms - 1152[0m
[0mPATCH /api/v1/carts/cart/add/635d15d2d14f6d49f6da57fd [32m200[0m 900.597 ms - 1152[0m
[0mPATCH /api/v1/carts/cart/add/635d15d2d14f6d49f6da57fd [33m400[0m 334.976 ms - 83[0m
[0mPATCH /api/v1/carts/cart/remove/635d15d2d14f6d49f6da57fd [32m200[0m 1010.261 ms - 1178[0m
[0mGET /api/v1/products/product/635d1fbe617bcad1110aa7d8 [32m200[0m 365.567 ms - 407[0m
[0mPATCH /api/v1/carts/cart/add/635d15d2d14f6d49f6da57fd [32m200[0m 997.201 ms - 1152[0m
[0mPATCH /api/v1/carts/cart/remove/635d15d2d14f6d49f6da57fd [32m200[0m 1069.860 ms - 1178[0m
[0mGET /api/v1/products/product/635d1fbe617bcad1110aa7d8 [32m200[0m 316.676 ms - 407[0m
[0mPATCH /api/v1/carts/cart/add/635d15d2d14f6d49f6da57fd [32m200[0m 984.919 ms - 1152[0m
[0mPATCH /api/v1/carts/cart/add/635d15d2d14f6d49f6da57fd [33m400[0m 329.417 ms - 83[0m
[0mPATCH /api/v1/carts/cart/remove/635d15d2d14f6d49f6da57fd [32m200[0m 927.232 ms - 1178[0m
[0mGET /api/v1/products/product/635d1fbe617bcad1110aa7d8 [32m200[0m 356.536 ms - 407[0m
[0mPATCH /api/v1/carts/cart/remove/635d15d2d14f6d49f6da57fd [32m200[0m 974.064 ms - 1178[0m
[0mGET /api/v1/products/product/635d1fbe617bcad1110aa7d8 [32m200[0m 379.846 ms - 407[0m
[0mPATCH /api/v1/carts/cart/add/635d15d2d14f6d49f6da57fd [32m200[0m 930.319 ms - 1152[0m
[0mGET /api/v1/carts/cart/635d15d2d14f6d49f6da57fd [32m200[0m 1276.407 ms - 1154[0m
[0mPATCH /api/v1/carts/cart/remove/635d15d2d14f6d49f6da57fd [32m200[0m 1018.264 ms - 1178[0m
[0mGET /api/v1/products/product/635d1fbe617bcad1110aa7d8 [32m200[0m 389.340 ms - 407[0m
[0mDELETE /api/v1/carts/cart/635d15d2d14f6d49f6da57fd [0m-[0m - ms - -[0m
[0mGET /api/v1/carts/cart/635d15d2d14f6d49f6da57fd [32m200[0m 519.971 ms - 1154[0m
[0mDELETE /api/v1/carts/cart/635d15d2d14f6d49f6da57fd [0m-[0m - ms - -[0m
[0mGET /api/v1/carts/cart/635d15d2d14f6d49f6da57fd [32m200[0m 461.579 ms - 1154[0m
[0mGET /api/v1/products/product/635d1fbe617bcad1110aa7d8 [32m200[0m 306.536 ms - 407[0m
[0mDELETE /api/v1/carts/cart/635d15d2d14f6d49f6da57fd [0m-[0m - ms - -[0m
[0mDELETE /api/v1/carts/cart/635d15d2d14f6d49f6da57fd [32m200[0m 536.501 ms - 54[0m
[0mGET /api/v1/products/product/635d1fbe617bcad1110aa7d8 [32m200[0m 319.775 ms - 408[0m
[0mGET /api/v1/products/product/635d8a19af0207ef0096fd09 [32m200[0m 324.164 ms - 421[0m
[0mGET /api/v1/carts/cart/635d15d2d14f6d49f6da57fd [32m200[0m 355.985 ms - 49[0m
[0mPATCH /api/v1/carts/cart/add/635d15d2d14f6d49f6da57fd [32m200[0m 1046.402 ms - 689[0m
[0mPATCH /api/v1/carts/cart/remove/635d15d2d14f6d49f6da57fd [33m409[0m 697.052 ms - 78[0m
[0mPATCH /api/v1/carts/cart/remove/635d15d2d14f6d49f6da57fd [32m200[0m 1044.900 ms - 701[0m
[0mGET /api/v1/carts/cart/635d15d2d14f6d49f6da57fd [32m200[0m 325.856 ms - 49[0m
[0mGET /api/v1/users/user/635d1749d14f6d49f6da580a [32m200[0m 324.901 ms - 178[0m
[0mPATCH /api/v1/carts/cart/add/635d15d2d14f6d49f6da57fd [32m200[0m 985.670 ms - 689[0m
[0mGET /api/v1/carts/cart/635d15d2d14f6d49f6da57fd [32m200[0m 485.837 ms - 691[0m
[0mPOST /api/v1/orders/order/create/35d15d2d14f6d49f6da57fd [31m500[0m 175.313 ms - 285[0m
[0mPOST /api/v1/orders/order/create/35d15d2d14f6d49f6da57fd [31m500[0m 983.555 ms - 285[0m
[0mGET /api/v1/carts/cart/635d15d2d14f6d49f6da57fd [32m200[0m 461.284 ms - 691[0m
[0mPOST /api/v1/orders/order/create/635d15d2d14f6d49f6da57fd [32m200[0m 939.490 ms - 902[0m
[0mGET /api/v1/carts/cart/635d15d2d14f6d49f6da57fd [32m200[0m 339.374 ms - 49[0m
[0mGET /api/v1/products/product/635d8a19af0207ef0096fd09 [32m200[0m 324.240 ms - 421[0m
[0mGET /api/v1/orders/allOrders [32m200[0m 519.762 ms - 920[0m
[0mPOST /api/v1/orders/order/create/635d15d2d14f6d49f6da57fd [33m400[0m 700.753 ms - 37[0m
[0mDELETE /api/v1/carts/cart/635d15d2d14f6d49f6da57fd [0m-[0m - ms - -[0m
[0mDELETE /api/v1/carts/cart/635d15d2d14f6d49f6da57fd [33m404[0m 335.982 ms - 43[0m
[0mDELETE /api/v1/carts/cart/635d15d2d14f6d49f6da57fd [33m404[0m 337.127 ms - 43[0m
[0mDELETE /api/v1/carts/cart/635d15d2d14f6d49f6da57fd [33m404[0m 327.437 ms - 43[0m
[0mGET /api/v1/carts/cart/635d15d2d14f6d49f6da57fd [32m200[0m 321.247 ms - 49[0m
[0mGET /api/v1/carts/cart/635d15d2d14f6d49f6da57fd [32m200[0m 297.179 ms - 49[0m
[0mPOST /api/v1/recommendations/recommendedDrinks [32m200[0m 157.208 ms - 417[0m
[0mPOST /api/v1/recommendations/recommendedDrinks [32m200[0m 158.880 ms - 430[0m
[0mPOST /api/v1/recommendations/recommendedDrinks [32m200[0m 196.768 ms - 69[0m
[0mPOST /api/v1/recommendations/recommendedDrinks [32m200[0m 178.472 ms - 469[0m
[0mPOST /api/v1/recommendations/recommendedDrinks [32m200[0m 146.404 ms - 69[0m
[0mPOST /api/v1/recommendations/recommendedDrinks [32m200[0m 162.858 ms - 469[0m
[0mDELETE /api/v1/products/product/?id=635d8a19af0207ef0096fd09 [32m200[0m 778.329 ms - 456[0m
[0mDELETE /api/v1/products/product/?id=635d8a19af0207ef0096fd09 [32m200[0m 595.283 ms - 456[0m
[0mDELETE /api/v1/products/product/?id=635d8a19af0207ef0096fd09 [32m200[0m 623.741 ms - 456[0m
[0mDELETE /api/v1/products/product/?id=635d8a19af0207ef0096fd09 [32m200[0m 591.208 ms - 456[0m
[0mDELETE /api/v1/products/product/?id=635d8a19af0207ef0096fd09 [32m200[0m 640.525 ms - 456[0m
[0mDELETE /api/v1/products/product/?id=635d8a19af0207ef0096fd09 [32m200[0m 642.716 ms - 456[0m
[0mDELETE /api/v1/products/product/?id=635d8a19af0207ef0096fd09 [32m200[0m 614.134 ms - 456[0m
[0mDELETE /api/v1/products/product/?id=635d8a19af0207ef0096fd09 [32m200[0m 696.445 ms - 456[0m
[0mDELETE /api/v1/products/product/?id=635d8a19af0207ef0096fd09 [32m200[0m 646.888 ms - 456[0m
[0mDELETE /api/v1/products/product/?id=635d8a19af0207ef0096fd09 [32m200[0m 619.396 ms - 456[0m
[0mDELETE /api/v1/products/product/?id=635d8a19af0207ef0096fd09 [32m200[0m 640.384 ms - 456[0m
[0mDELETE /api/v1/products/product/?id=635d8a19af0207ef0096fd09 [32m200[0m 604.856 ms - 456[0m
[0mDELETE /api/v1/products/product/?id=635d8a19af0207ef0096fd09 [32m200[0m 638.584 ms - 456[0m
[0mDELETE /api/v1/products/product/?id=635d8a19af0207ef0096fd09 [32m200[0m 1081.712 ms - 456[0m
[0mDELETE /api/v1/products/product/?id=635d8a19af0207ef0096fd09 [32m200[0m 624.965 ms - 456[0m
[0mDELETE /api/v1/products/product/?id=635d8a19af0207ef0096fd09 [32m200[0m 620.016 ms - 456[0m
[0mDELETE /api/v1/products/product/?id=635d8a19af0207ef0096fd09 [32m200[0m 646.452 ms - 456[0m
[0mDELETE /api/v1/products/product/?id=635d8a19af0207ef0096fd09 [32m200[0m 633.296 ms - 456[0m
[0mDELETE /api/v1/products/product/?id=635d8a19af0207ef0096fd09 [32m200[0m 626.819 ms - 456[0m
[0mDELETE /api/v1/products/product/?id=635d8a19af0207ef0096fd09 [32m200[0m 643.204 ms - 456[0m
[0mDELETE /api/v1/products/product/?id=635d8a19af0207ef0096fd09 [32m200[0m 601.913 ms - 456[0m
[0mDELETE /api/v1/products/product/?id=635d8a19af0207ef0096fd09 [32m200[0m 646.643 ms - 456[0m
[0mDELETE /api/v1/products/product/?id=635d8a19af0207ef0096fd09 [32m200[0m 659.063 ms - 456[0m
[0mDELETE /api/v1/products/product/?id=635d8a19af0207ef0096fd09 [32m200[0m 635.379 ms - 456[0m
[0mDELETE /api/v1/products/product/?id=635d8a19af0207ef0096fd09 [32m200[0m 633.976 ms - 456[0m
[0mDELETE /api/v1/products/product/?id=635d8a19af0207ef0096fd09 [32m200[0m 664.767 ms - 456[0m
[0mDELETE /api/v1/products/product/?id=635d8a19af0207ef0096fd09 [32m200[0m 650.975 ms - 456[0m
[0mDELETE /api/v1/products/product/?id=635d8a19af0207ef0096fd09 [32m200[0m 626.552 ms - 456[0m
[0mDELETE /api/v1/products/product/?id=635d8a19af0207ef0096fd09 [32m200[0m 649.182 ms - 456[0m
[0mDELETE /api/v1/products/product/?id=635d8a19af0207ef0096fd09 [32m200[0m 648.318 ms - 456[0m
[0mDELETE /api/v1/products/product/?id=635d8a19af0207ef0096fd09 [32m200[0m 587.905 ms - 455[0m
[0mDELETE /api/v1/products/product/?id=635d8a19af0207ef0096fd09 [32m200[0m 633.286 ms - 455[0m
[0mDELETE /api/v1/products/product/?id=635d8a19af0207ef0096fd09 [32m200[0m 639.962 ms - 455[0m
[0mDELETE /api/v1/products/product/?id=635d8a19af0207ef0096fd09 [32m200[0m 618.343 ms - 455[0m
[0mDELETE /api/v1/products/product/?id=635d8a19af0207ef0096fd09 [32m200[0m 635.218 ms - 455[0m
[0mDELETE /api/v1/products/product/?id=635d8a19af0207ef0096fd09 [32m200[0m 645.454 ms - 455[0m
[0mDELETE /api/v1/products/product/?id=635d8a19af0207ef0096fd09 [32m200[0m 622.953 ms - 455[0m
[0mDELETE /api/v1/products/product/?id=635d8a19af0207ef0096fd09 [32m200[0m 647.652 ms - 455[0m
[0mDELETE /api/v1/products/product/?id=635d8a19af0207ef0096fd09 [32m200[0m 594.387 ms - 455[0m
[0mDELETE /api/v1/products/product/?id=635d8a19af0207ef0096fd09 [32m200[0m 696.734 ms - 455[0m
[0mDELETE /api/v1/products/product/?id=635d8a19af0207ef0096fd09 [32m200[0m 525.815 ms - 434[0m
[0mDELETE /api/v1/products/product/?id=635d8a19af0207ef0096fd09 [33m400[0m 481.190 ms - 127[0m
[0mDELETE /api/v1/products/product/?id=635d8a19af0207ef0096fd09 [33m400[0m 492.762 ms - 127[0m
[0mDELETE /api/v1/products/product/?id=635d8a19af0207ef0096fd09 [33m400[0m 492.792 ms - 127[0m
[0mGET /api/v1/products/product/635d8a19af0207ef0096fd09 [33m404[0m 362.297 ms - 46[0m
[0mDELETE /api/v1/products/product/?id=635d8a19af0207ef0096fd09 [33m400[0m 473.191 ms - 127[0m
[0mPOST /api/v1/products/product [32m201[0m 717.731 ms - 446[0m
[0mGET /api/v1/products/product/635e8bd0e2e5fd81d2837cb7 [32m200[0m 383.322 ms - 421[0m
[0mDELETE /api/v1/carts/cart/635e8bd0e2e5fd81d2837cb7 [33m404[0m 348.399 ms - 43[0m
[0mDELETE /api/v1/products/product/?id=635e8bd0e2e5fd81d2837cb7 [32m200[0m 651.448 ms - 456[0m
[0mPOST /api/v1/products/product [32m201[0m 709.486 ms - 437[0m
[0mDELETE /api/v1/products/product/?id=635e8c44e2e5fd81d2837cc4 [32m200[0m 646.604 ms - 439[0m
[0mDELETE /api/v1/products/product/?id=635e8c44e2e5fd81d2837cc4 [32m200[0m 635.805 ms - 439[0m
[0mDELETE /api/v1/products/product/?id=635e8c44e2e5fd81d2837cc4 [32m200[0m 517.070 ms - 426[0m
[0mDELETE /api/v1/products/product/?id=635e8c44e2e5fd81d2837cc4 [33m400[0m 496.670 ms - 127[0m
[0mDELETE /api/v1/products/product/?id=635e8c44e2e5fd81d2837cc4 [33m404[0m 2090.845 ms - 46[0m
[0mPOST /api/v1/products/product [32m201[0m 767.568 ms - 540[0m
[0mGET /api/v1/products/product/635e928f08063325b60e21f9 [32m200[0m 338.524 ms - 515[0m
[0mGET /api/v1/products/product/635e928f08063325b60e21f9 [32m200[0m 1122.820 ms - 515[0m
[0mGET /api/v1/products/product/635e928f08063325b60e21f9 [32m200[0m 1144.240 ms - 515[0m
[0mGET /api/v1/products/product/635e928f08063325b60e21f9 [32m200[0m 301.615 ms - 515[0m
[0mGET /api/v1/products/product/635e928f08063325b60e21f9 [32m200[0m 1050.577 ms - 515[0m
[0mGET /api/v1/products/product/635e928f08063325b60e21f9 [32m200[0m 295.433 ms - 515[0m
[0mGET /api/v1/products/product/635e928f08063325b60e21f9 [32m200[0m 1272.719 ms - 515[0m
[0mGET /api/v1/products/product/635e928f08063325b60e21f9 [32m200[0m 339.144 ms - 515[0m
[0mGET /api/v1/products/product/635e928f08063325b60e21f9 [32m200[0m 315.424 ms - 515[0m
[0mGET /api/v1/products/product/635e928f08063325b60e21f9 [32m200[0m 1092.877 ms - 515[0m
[0mGET /api/v1/products/product/635e928f08063325b60e21f9 [32m200[0m 1145.408 ms - 515[0m
[0mGET /api/v1/users/user/635c3e4cc25b3d2b4967295a [33m401[0m 0.624 ms - 27[0m
[0mGET /favicon.ico [33m404[0m 5.696 ms - 150[0m
[0mPATCH /api/v1/carts/cart/add/635d15d2d14f6d49f6da57fd [33m404[0m 325.863 ms - 76[0m
[0mPATCH /api/v1/carts/cart/add/635d15d2d14f6d49f6da57fd [32m200[0m 837.745 ms - 783[0m
[0mPATCH /api/v1/carts/cart/add/635d15d2d14f6d49f6da57fd [32m200[0m 818.387 ms - 783[0m
[0mPATCH /api/v1/carts/cart/add/635d15d2d14f6d49f6da57fd [32m200[0m 1070.037 ms - 783[0m
[0mPATCH /api/v1/carts/cart/remove/635d15d2d14f6d49f6da57fd [32m200[0m 923.189 ms - 809[0m
[0mPATCH /api/v1/carts/cart/remove/635d15d2d14f6d49f6da57fd [32m200[0m 802.890 ms - 809[0m
[0mPATCH /api/v1/carts/cart/add/635d15d2d14f6d49f6da57fd [32m200[0m 843.181 ms - 783[0m
[0mPATCH /api/v1/carts/cart/add/635d15d2d14f6d49f6da57fd [33m401[0m 667.756 ms - 61[0m
[0mPATCH /api/v1/carts/cart/remove/635d15d2d14f6d49f6da57fd [32m200[0m 819.077 ms - 809[0m
[0mPATCH /api/v1/carts/cart/remove/635d15d2d14f6d49f6da57fd [32m200[0m 1002.450 ms - 795[0m
[0mPOST /api/v1/products/product [32m201[0m 648.319 ms - 549[0m
[0mPOST /api/v1/products/product [32m201[0m 642.493 ms - 549[0m
[0mPOST /api/v1/products/product [32m201[0m 693.720 ms - 549[0m
[0mPOST /api/v1/products/product [32m201[0m 628.982 ms - 549[0m
[0mPATCH /api/v1/carts/cart/add/635d15d2d14f6d49f6da57fd [32m200[0m 783.103 ms - 783[0m
[0mPATCH /api/v1/carts/cart/add/635d15d2d14f6d49f6da57fd [32m200[0m 771.074 ms - 783[0m
[0mPATCH /api/v1/carts/cart/add/635d15d2d14f6d49f6da57fd [32m200[0m 799.495 ms - 783[0m
[0mGET /api/v1/carts/cart/635d15d2d14f6d49f6da57fd [32m200[0m 475.459 ms - 785[0m
[0mPOST /api/v1/orders/order/create/635d15d2d14f6d49f6da57fd [32m200[0m 977.926 ms - 1006[0m
[0mGET /api/v1/products/product/635e928f08063325b60e21f9 [32m200[0m 322.137 ms - 515[0m
[0mPATCH /api/v1/carts/cart/add/635d15d2d14f6d49f6da57fd [32m200[0m 858.501 ms - 783[0m
[0mPOST /api/v1/orders/order/create/635d15d2d14f6d49f6da57fd [32m200[0m 970.004 ms - 1006[0m
[0mGET /api/v1/carts/cart/635d15d2d14f6d49f6da57fd [32m200[0m 304.973 ms - 49[0m
[0mDELETE /api/v1/orders/order/635d15d2d14f6d49f6da57fd [33m400[0m 653.963 ms - 85[0m
[0mPOST /api/v1/orders/order/create/635d15d2d14f6d49f6da57fd [31m500[0m 522.558 ms - 2[0m
[0mPATCH /api/v1/carts/cart/add/635d15d2d14f6d49f6da57fd [32m200[0m 887.025 ms - 783[0m
[0mPOST /api/v1/orders/order/create/635d15d2d14f6d49f6da57fd [32m200[0m 1047.786 ms - 1006[0m
[0mPOST /api/v1/orders/order/create/635d15d2d14f6d49f6da57fd [31m500[0m 483.374 ms - 2[0m
[0mPOST /api/v1/orders/order/create/635d15d2d14f6d49f6da57fd [31m500[0m 515.154 ms - 2[0m
[0mGET /api/v1/carts/cart/635ee65c19aa1d5c2e293a3d [32m200[0m 349.758 ms - 49[0m
[0mPATCH /api/v1/carts/cart/add/635d15d2d14f6d49f6da57fd [32m200[0m 829.794 ms - 783[0m
[0mPOST /api/v1/products/product [32m201[0m 625.589 ms - 549[0m
[0mPOST /api/v1/products/product [32m201[0m 613.165 ms - 549[0m
[0mPOST /api/v1/products/product [32m201[0m 632.592 ms - 549[0m
[0mPATCH /api/v1/carts/cart/add/635d15d2d14f6d49f6da57fd [32m200[0m 756.521 ms - 783[0m
[0mPATCH /api/v1/carts/cart/add/635d15d2d14f6d49f6da57fd [32m200[0m 782.588 ms - 783[0m
[0mPOST /api/v1/orders/order/create/635d15d2d14f6d49f6da57fd [32m200[0m 1008.206 ms - 1004[0m
[0mGET /api/v1/products/product/635e928f08063325b60e21f9 [32m200[0m 324.041 ms - 515[0m
[0mPATCH /api/v1/carts/cart/add/635d15d2d14f6d49f6da57fd [32m200[0m 1708.330 ms - 783[0m
[0mPOST /api/v1/orders/order/create/635d15d2d14f6d49f6da57fd [32m200[0m 1533.992 ms - 1004[0m
[0mDELETE /api/v1/orders/order/635d15d2d14f6d49f6da57fd [32m200[0m 1145.064 ms - 40[0m
[0mGET /api/v1/products/product/635e928f08063325b60e21f9 [32m200[0m 412.616 ms - 515[0m
[0mGET /api/v1/products/product/635e928f08063325b60e21f9 [32m200[0m 370.630 ms - 515[0m
[0mPOST /api/v1/products/product [32m201[0m 1242.264 ms - 549[0m
[0mPOST /api/v1/products/product [32m201[0m 809.218 ms - 549[0m
[0mPOST /api/v1/products/product [32m201[0m 745.200 ms - 549[0m
[0mPOST /api/v1/products/product [32m201[0m 1045.297 ms - 549[0m
[0mPOST /api/v1/products/product [32m201[0m 784.683 ms - 549[0m
[0mPOST /api/v1/products/product [32m201[0m 1056.463 ms - 549[0m
[0mPOST /api/v1/products/product [32m201[0m 689.344 ms - 549[0m
[0mPATCH /api/v1/carts/cart/add/635d15d2d14f6d49f6da57fd [32m200[0m 1125.723 ms - 783[0m
[0mPATCH /api/v1/carts/cart/add/635d15d2d14f6d49f6da57fd [0m-[0m - ms - -[0m
[0mPATCH /api/v1/carts/cart/add/635d15d2d14f6d49f6da57fd [32m200[0m 1097.118 ms - 783[0m
[0mPATCH /api/v1/carts/cart/add/635d15d2d14f6d49f6da57fd [32m200[0m 1025.442 ms - 783[0m
[0mPATCH /api/v1/carts/cart/add/635d15d2d14f6d49f6da57fd [32m200[0m 1036.454 ms - 785[0m
[0mPATCH /api/v1/carts/cart/add/635d15d2d14f6d49f6da57fd [32m200[0m 1001.993 ms - 785[0m
[0mPATCH /api/v1/carts/cart/add/635d15d2d14f6d49f6da57fd [32m200[0m 1091.221 ms - 785[0m
[0mPATCH /api/v1/carts/cart/add/635d15d2d14f6d49f6da57fd [33m401[0m 784.475 ms - 61[0m
[0mPATCH /api/v1/carts/cart/add/635d15d2d14f6d49f6da57fd [33m401[0m 944.776 ms - 61[0m
[0mPATCH /api/v1/carts/cart/remove/635d15d2d14f6d49f6da57fd [32m200[0m 1197.426 ms - 811[0m
[0mPATCH /api/v1/carts/cart/remove/635d15d2d14f6d49f6da57fd [32m200[0m 914.240 ms - 811[0m
[0mPOST /api/v1/orders/order/create/635d15d2d14f6d49f6da57fd [32m200[0m 2422.868 ms - 1006[0m
[0mGET /api/v1/products/product/635e928f08063325b60e21f9 [32m200[0m 355.325 ms - 515[0m
[0mPATCH /api/v1/carts/cart/add/635d15d2d14f6d49f6da57fd [32m200[0m 2334.594 ms - 783[0m
[0mPATCH /api/v1/carts/cart/add/635d15d2d14f6d49f6da57fd [32m200[0m 948.944 ms - 783[0m
[0mPATCH /api/v1/carts/cart/remove/635d15d2d14f6d49f6da57fd [32m200[0m 1079.985 ms - 809[0m
[0mPATCH /api/v1/carts/cart/remove/635d15d2d14f6d49f6da57fd [32m200[0m 984.931 ms - 795[0m
[0mPATCH /api/v1/carts/cart/remove/635d15d2d14f6d49f6da57fd [33m409[0m 601.952 ms - 52[0m
[0mDELETE /api/v1/orders/order/635d15d2d14f6d49f6da57fd [32m200[0m 913.501 ms - 40[0m
[0mGET /api/v1/products/product/635e928f08063325b60e21f9 [32m200[0m 535.504 ms - 515[0m
[0mGET /api/v1/products/product/635e928f08063325b60e21f9 [32m200[0m 376.147 ms - 515[0m
[0mPOST /api/v1/products/product [32m201[0m 808.939 ms - 549[0m
[0mPOST /api/v1/products/product [32m201[0m 728.335 ms - 549[0m
[0mPATCH /api/v1/carts/cart/add/635d15d2d14f6d49f6da57fd [32m200[0m 1171.826 ms - 783[0m
[0mPATCH /api/v1/carts/cart/add/635d15d2d14f6d49f6da57fd [32m200[0m 1117.823 ms - 783[0m
[0mPOST /api/v1/orders/order/create/635d15d2d14f6d49f6da57fd [32m200[0m 1182.026 ms - 1004[0m
[0mDELETE /api/v1/orders/order/635d15d2d14f6d49f6da57fd [32m200[0m 1038.783 ms - 40[0m
[0mGET /api/v1/products/product/635e928f08063325b60e21f9 [32m200[0m 435.300 ms - 515[0m
[0mPOST /api/v1/orders/order/create/635d15d2d14f6d49f6da57fd [31m500[0m 741.241 ms - 2[0m
[0mPATCH /api/v1/carts/cart/add/635d15d2d14f6d49f6da57fd [32m200[0m 1308.667 ms - 783[0m
[0mPOST /api/v1/orders/order/create/635d15d2d14f6d49f6da57fd [32m200[0m 1390.883 ms - 1004[0m
